<?xml version="1.0" encoding="UTF-8"?>
<!-- Generated by org.testng.reporters.JUnitReportReporter -->
<testsuite hostname="DESKTOP-NPBENJ3" failures="0" tests="2" name="com.sdet.AppTest" time="0.016" errors="0" timestamp="2021-08-29T10:44:16 EDT" skipped="0">
  <testcase classname="com.sdet.AppTest" name="testlogin2" time="0.001"/>
  <system-out/>
  <testcase classname="com.sdet.AppTest" name="testlogin1" time="0.015"/>
  <system-out/>
</testsuite> <!-- com.sdet.AppTest -->
