<?xml version="1.0" encoding="UTF-8"?>
<!-- Generated by org.testng.reporters.JUnitReportReporter -->
<testsuite hostname="Rishit" failures="0" tests="1" name="com.sdet.TC_Login" time="9.323" errors="0" timestamp="2021-09-05T16:38:45 EDT" skipped="0">
  <testcase classname="com.sdet.TC_Login" name="login_Test" time="9.323"/>
  <system-out/>
</testsuite> <!-- com.sdet.TC_Login -->
